Application/build/intermediates/manifest_merge_blame_file/debug/manifest-merger-blame-debug-report.txt
1<?xml version="1.0" encoding="utf-8"?>
2<manifest xmlns:android="http://schemas.android.com/apk/res/android"
3    package="com.example.android.camera2basic" >
4
5    <uses-sdk
6        android:minSdkVersion="21"
6-->src/main/AndroidManifest.xml
7        android:targetSdkVersion="28" />
7-->src/main/AndroidManifest.xml
8
9    <uses-permission android:name="android.permission.CAMERA" />
9-->src/main/AndroidManifest.xml:5:5-65
9-->src/main/AndroidManifest.xml:5:22-62
10
11    <uses-feature android:name="android.hardware.camera" />
11-->src/main/AndroidManifest.xml:7:5-60
11-->src/main/AndroidManifest.xml:7:19-57
12    <uses-feature android:name="android.hardware.camera.autofocus" />
12-->src/main/AndroidManifest.xml:8:5-70
12-->src/main/AndroidManifest.xml:8:19-67
13
14    <uses-permission android:name="android.permission.WRITE_EXTERNAL_STORAGE" />
14-->src/main/AndroidManifest.xml:10:5-81
14-->src/main/AndroidManifest.xml:10:22-78
15    <uses-permission android:name="android.permission.RECORD_AUDIO" />
15-->src/main/AndroidManifest.xml:11:5-70
15-->src/main/AndroidManifest.xml:11:22-68
16    <uses-permission android:name="android.permission.INTERNET" />
16-->[com.crashlytics.sdk.android:crashlytics:2.10.1] AndroidManifest.xml:16:5-67
16-->[com.crashlytics.sdk.android:crashlytics:2.10.1] AndroidManifest.xml:16:22-64
17    <uses-permission android:name="android.permission.ACCESS_NETWORK_STATE" />
17-->[com.google.android.gms:play-services-measurement:17.2.2] AndroidManifest.xml:24:5-79
17-->[com.google.android.gms:play-services-measurement:17.2.2] AndroidManifest.xml:24:22-76
18    <uses-permission android:name="android.permission.WAKE_LOCK" />
18-->[com.google.android.gms:play-services-measurement:17.2.2] AndroidManifest.xml:25:5-68
18-->[com.google.android.gms:play-services-measurement:17.2.2] AndroidManifest.xml:25:22-65
19    <uses-permission android:name="com.google.android.finsky.permission.BIND_GET_INSTALL_REFERRER_SERVICE" /> <!-- Required by older versions of Google Play services to create IID tokens -->
19-->[com.google.android.gms:play-services-measurement:17.2.2] AndroidManifest.xml:26:5-110
19-->[com.google.android.gms:play-services-measurement:17.2.2] AndroidManifest.xml:26:22-107
20    <uses-permission android:name="com.google.android.c2dm.permission.RECEIVE" />
20-->[com.google.firebase:firebase-iid:20.0.2] AndroidManifest.xml:26:5-82
20-->[com.google.firebase:firebase-iid:20.0.2] AndroidManifest.xml:26:22-79
21
22    <application
22-->src/main/AndroidManifest.xml:14:5-33:19
23        android:allowBackup="true"
23-->src/main/AndroidManifest.xml:15:9-35
24        android:appComponentFactory="androidx.core.app.CoreComponentFactory"
24-->[androidx.core:core:1.0.0] AndroidManifest.xml:22:18-86
25        android:debuggable="true"
26        android:icon="@drawable/ic_launcher"
26-->src/main/AndroidManifest.xml:16:9-45
27        android:label="@string/app_name"
27-->src/main/AndroidManifest.xml:17:9-41
28        android:theme="@style/MaterialTheme" >
28-->src/main/AndroidManifest.xml:18:9-45
29        <activity android:name="com.example.android.camera2basic.CameraActivity2" >
29-->src/main/AndroidManifest.xml:19:9-27:20
29-->src/main/AndroidManifest.xml:19:19-50
30            <intent-filter>
30-->src/main/AndroidManifest.xml:21:13-25:29
31                <action android:name="android.intent.action.MAIN" />
31-->src/main/AndroidManifest.xml:22:17-69
31-->src/main/AndroidManifest.xml:22:25-66
32
33                <category android:name="android.intent.category.LAUNCHER" />
33-->src/main/AndroidManifest.xml:24:17-77
33-->src/main/AndroidManifest.xml:24:27-74
34            </intent-filter>
35        </activity>
36        <activity
36-->src/main/AndroidManifest.xml:28:9-32:20
37            android:name="com.example.android.camera2basic.CameraActivity"
37-->src/main/AndroidManifest.xml:29:13-43
38            android:label="@string/app_name" >
38-->src/main/AndroidManifest.xml:30:13-45
39        </activity>
40
41        <provider
41-->[com.crashlytics.sdk.android:crashlytics:2.10.1] AndroidManifest.xml:19:9-23:38
42            android:name="com.crashlytics.android.CrashlyticsInitProvider"
42-->[com.crashlytics.sdk.android:crashlytics:2.10.1] AndroidManifest.xml:20:13-75
43            android:authorities="com.example.android.camera2basic.crashlyticsinitprovider"
43-->[com.crashlytics.sdk.android:crashlytics:2.10.1] AndroidManifest.xml:21:13-75
44            android:exported="false"
44-->[com.crashlytics.sdk.android:crashlytics:2.10.1] AndroidManifest.xml:22:13-37
45            android:initOrder="90" />
45-->[com.crashlytics.sdk.android:crashlytics:2.10.1] AndroidManifest.xml:23:13-35
46
47        <receiver
47-->[com.google.android.gms:play-services-measurement:17.2.2] AndroidManifest.xml:29:9-33:20
48            android:name="com.google.android.gms.measurement.AppMeasurementReceiver"
48-->[com.google.android.gms:play-services-measurement:17.2.2] AndroidManifest.xml:30:13-85
49            android:enabled="true"
49-->[com.google.android.gms:play-services-measurement:17.2.2] AndroidManifest.xml:31:13-35
50            android:exported="false" >
50-->[com.google.android.gms:play-services-measurement:17.2.2] AndroidManifest.xml:32:13-37
51        </receiver>
52        <receiver
52-->[com.google.android.gms:play-services-measurement:17.2.2] AndroidManifest.xml:34:9-42:20
53            android:name="com.google.android.gms.measurement.AppMeasurementInstallReferrerReceiver"
53-->[com.google.android.gms:play-services-measurement:17.2.2] AndroidManifest.xml:35:13-100
54            android:enabled="true"
54-->[com.google.android.gms:play-services-measurement:17.2.2] AndroidManifest.xml:36:13-35
55            android:exported="true"
55-->[com.google.android.gms:play-services-measurement:17.2.2] AndroidManifest.xml:37:13-36
56            android:permission="android.permission.INSTALL_PACKAGES" >
56-->[com.google.android.gms:play-services-measurement:17.2.2] AndroidManifest.xml:38:13-69
57            <intent-filter>
57-->[com.google.android.gms:play-services-measurement:17.2.2] AndroidManifest.xml:39:13-41:29
58                <action android:name="com.android.vending.INSTALL_REFERRER" />
58-->[com.google.android.gms:play-services-measurement:17.2.2] AndroidManifest.xml:40:17-79
58-->[com.google.android.gms:play-services-measurement:17.2.2] AndroidManifest.xml:40:25-76
59            </intent-filter>
60        </receiver>
61
62        <service
62-->[com.google.android.gms:play-services-measurement:17.2.2] AndroidManifest.xml:44:9-47:40
63            android:name="com.google.android.gms.measurement.AppMeasurementService"
63-->[com.google.android.gms:play-services-measurement:17.2.2] AndroidManifest.xml:45:13-84
64            android:enabled="true"
64-->[com.google.android.gms:play-services-measurement:17.2.2] AndroidManifest.xml:46:13-35
65            android:exported="false" />
65-->[com.google.android.gms:play-services-measurement:17.2.2] AndroidManifest.xml:47:13-37
66        <service
66-->[com.google.android.gms:play-services-measurement:17.2.2] AndroidManifest.xml:48:9-52:72
67            android:name="com.google.android.gms.measurement.AppMeasurementJobService"
67-->[com.google.android.gms:play-services-measurement:17.2.2] AndroidManifest.xml:49:13-87
68            android:enabled="true"
68-->[com.google.android.gms:play-services-measurement:17.2.2] AndroidManifest.xml:50:13-35
69            android:exported="false"
69-->[com.google.android.gms:play-services-measurement:17.2.2] AndroidManifest.xml:51:13-37
70            android:permission="android.permission.BIND_JOB_SERVICE" />
70-->[com.google.android.gms:play-services-measurement:17.2.2] AndroidManifest.xml:52:13-69
71        <service
71-->[com.google.android.gms:play-services-measurement-api:17.2.2] AndroidManifest.xml:27:9-33:19
72            android:name="com.google.firebase.components.ComponentDiscoveryService"
72-->[com.google.android.gms:play-services-measurement-api:17.2.2] AndroidManifest.xml:28:13-84
73            android:directBootAware="true"
73-->[com.google.firebase:firebase-common:19.3.0] AndroidManifest.xml:34:13-43
74            android:exported="false" >
74-->[com.google.android.gms:play-services-measurement-api:17.2.2] AndroidManifest.xml:29:13-37
75            <meta-data
75-->[com.google.android.gms:play-services-measurement-api:17.2.2] AndroidManifest.xml:30:13-32:85
76                android:name="com.google.firebase.components:com.google.firebase.analytics.connector.internal.AnalyticsConnectorRegistrar"
76-->[com.google.android.gms:play-services-measurement-api:17.2.2] AndroidManifest.xml:31:17-139
77                android:value="com.google.firebase.components.ComponentRegistrar" />
77-->[com.google.android.gms:play-services-measurement-api:17.2.2] AndroidManifest.xml:32:17-82
78            <meta-data
78-->[com.google.firebase:firebase-iid:20.0.2] AndroidManifest.xml:32:13-34:85
79                android:name="com.google.firebase.components:com.google.firebase.iid.Registrar"
79-->[com.google.firebase:firebase-iid:20.0.2] AndroidManifest.xml:33:17-96
80                android:value="com.google.firebase.components.ComponentRegistrar" />
80-->[com.google.firebase:firebase-iid:20.0.2] AndroidManifest.xml:34:17-82
81        </service>
82
83        <receiver
83-->[com.google.firebase:firebase-iid:20.0.2] AndroidManifest.xml:37:9-44:20
84            android:name="com.google.firebase.iid.FirebaseInstanceIdReceiver"
84-->[com.google.firebase:firebase-iid:20.0.2] AndroidManifest.xml:38:13-78
85            android:exported="true"
85-->[com.google.firebase:firebase-iid:20.0.2] AndroidManifest.xml:39:13-36
86            android:permission="com.google.android.c2dm.permission.SEND" >
86-->[com.google.firebase:firebase-iid:20.0.2] AndroidManifest.xml:40:13-73
87            <intent-filter>
87-->[com.google.firebase:firebase-iid:20.0.2] AndroidManifest.xml:41:13-43:29
88                <action android:name="com.google.android.c2dm.intent.RECEIVE" />
88-->[com.google.firebase:firebase-iid:20.0.2] AndroidManifest.xml:42:17-81
88-->[com.google.firebase:firebase-iid:20.0.2] AndroidManifest.xml:42:25-78
89            </intent-filter>
90        </receiver>
91
92        <provider
92-->[com.google.firebase:firebase-common:19.3.0] AndroidManifest.xml:26:9-30:39
93            android:name="com.google.firebase.provider.FirebaseInitProvider"
93-->[com.google.firebase:firebase-common:19.3.0] AndroidManifest.xml:27:13-77
94            android:authorities="com.example.android.camera2basic.firebaseinitprovider"
94-->[com.google.firebase:firebase-common:19.3.0] AndroidManifest.xml:28:13-72
95            android:exported="false"
95-->[com.google.firebase:firebase-common:19.3.0] AndroidManifest.xml:29:13-37
96            android:initOrder="100" />
96-->[com.google.firebase:firebase-common:19.3.0] AndroidManifest.xml:30:13-36
97
98        <activity
98-->[com.google.android.gms:play-services-base:17.0.0] AndroidManifest.xml:23:9-26:75
99            android:name="com.google.android.gms.common.api.GoogleApiActivity"
99-->[com.google.android.gms:play-services-base:17.0.0] AndroidManifest.xml:24:13-79
100            android:exported="false"
100-->[com.google.android.gms:play-services-base:17.0.0] AndroidManifest.xml:25:13-37
101            android:theme="@android:style/Theme.Translucent.NoTitleBar" />
101-->[com.google.android.gms:play-services-base:17.0.0] AndroidManifest.xml:26:13-72
102
103        <meta-data
103-->[com.google.android.gms:play-services-basement:17.0.0] AndroidManifest.xml:23:9-25:69
104            android:name="com.google.android.gms.version"
104-->[com.google.android.gms:play-services-basement:17.0.0] AndroidManifest.xml:24:13-58
105            android:value="@integer/google_play_services_version" />
105-->[com.google.android.gms:play-services-basement:17.0.0] AndroidManifest.xml:25:13-66
106    </application>
107
108</manifest>